<?xml version="1.0" encoding="UTF-8"?>
<!-- Generated by org.testng.reporters.JUnitReportReporter -->
<testsuite hostname="No-nam3" failures="0" tests="1" name="rtCampQATests.SortedOrder" time="1.108" errors="0" timestamp="2024-09-22T14:12:04 IST" skipped="0">
  <testcase classname="rtCampQATests.SortedOrder" name="sortedTest" time="1.108"/>
</testsuite> <!-- rtCampQATests.SortedOrder -->
